This is XeTeX, Version 3.14159265-2.6-0.99998 (TeX Live 2017/Debian) (preloaded format=xelatex 2023.2.7)  17 MAR 2023 06:18
entering extended mode
 restricted \write18 enabled.
 file:line:error style messages enabled.
 %&-line parsing enabled.
**/workspaces/microinfo-handout/Cours_MUI.tex
(/workspaces/microinfo-handout/Cours_MUI.tex
LaTeX2e <2017-04-15>
Babel <3.18> and hyphenation patterns for 9 language(s) loaded.
(/usr/share/texlive/texmf-dist/tex/latex/base/book.cls
Document Class: book 2014/09/29 v1.4h Standard LaTeX document class
(/usr/share/texlive/texmf-dist/tex/latex/base/bk10.clo
File: bk10.clo 2014/09/29 v1.4h Standard LaTeX file (size option)
)
\c@part=\count79
\c@chapter=\count80
\c@section=\count81
\c@subsection=\count82
\c@subsubsection=\count83
\c@paragraph=\count84
\c@subparagraph=\count85
\c@figure=\count86
\c@table=\count87
\abovecaptionskip=\skip41
\belowcaptionskip=\skip42
\bibindent=\dimen102
) (/usr/share/texlive/texmf-dist/tex/latex/base/fontenc.sty
Package: fontenc 2017/04/05 v2.0i Standard LaTeX package
 (/usr/share/texlive/texmf-dist/tex/latex/base/t1enc.def
File: t1enc.def 2017/04/05 v2.0i Standard LaTeX file
LaTeX Font Info:    Redeclaring font encoding T1 on input line 48.
)
LaTeX Font Info:    Try loading font information for T1+lmr on input line 105.
 (/usr/share/texmf/tex/latex/lm/t1lmr.fd
File: t1lmr.fd 2009/10/30 v1.6 Font defs for Latin Modern
)) (/usr/share/texlive/texmf-dist/tex/generic/babel/babel.sty
Package: babel 2018/02/14 3.18 The Babel package
 (/usr/share/texlive/texmf-dist/tex/generic/babel/switch.def
File: switch.def 2018/02/14 3.18 Babel switching mechanism
) (/usr/share/texlive/texmf-dist/tex/generic/babel-english/english.ldf
Language: english 2017/06/06 v3.3r English support from the babel system
 (/usr/share/texlive/texmf-dist/tex/generic/babel/babel.def
File: babel.def 2018/02/14 3.18 Babel common definitions
\babel@savecnt=\count88
\U@D=\dimen103
 (/usr/share/texlive/texmf-dist/tex/generic/babel/xebabel.def (/usr/share/texlive/texmf-dist/tex/generic/babel/txtbabel.def))
\bbl@dirlevel=\count89
)
\l@british = a dialect from \language\l@english 
\l@UKenglish = a dialect from \language\l@english 
\l@canadian = a dialect from \language\l@american 
\l@australian = a dialect from \language\l@british 
\l@newzealand = a dialect from \language\l@british 
) (/usr/share/texlive/texmf-dist/tex/generic/babel-english/english.ldf
Language: english 2017/06/06 v3.3r English support from the babel system
) (/usr/share/texlive/texmf-dist/tex/generic/babel-french/french.ldf
Language: french 2018/02/04 v3.4b French support from the babel system
\l@acadian = a dialect from \language\l@french 
\FB@nonchar=\count90
Package french.ldf Info: No need for active punctuation characters
(french.ldf)             with this version of XeTeX!
(french.ldf)             reported on input line 323.
\FB@punctthick=\XeTeXcharclass1
\FB@punctthin=\XeTeXcharclass2
\FB@punctnul=\XeTeXcharclass3
\FB@guilo=\XeTeXcharclass4
\FB@guilf=\XeTeXcharclass5
\FB@guilnul=\XeTeXcharclass6
\FBguill@level=\count91
\FB@everypar=\toks14
\FB@Mht=\dimen104
LaTeX Info: Redefining \degres on input line 753.
\mc@charclass=\count92
\mc@charfam=\count93
\mc@charslot=\count94
\std@mcc=\count95
\dec@mcc=\count96
\c@FBcaption@count=\count97
\listindentFB=\skip43
\descindentFB=\skip44
\labelwidthFB=\skip45
\leftmarginFB=\skip46
\parindentFFN=\dimen105
\FBfnindent=\skip47
)) (/usr/share/texlive/texmf-dist/tex/latex/carlisle/scalefnt.sty) (/usr/share/texlive/texmf-dist/tex/latex/graphics/keyval.sty
Package: keyval 2014/10/28 v1.15 key=value parser (DPC)
\KV@toks@=\toks15
) (/usr/share/texlive/texmf-dist/tex/latex/base/inputenc.sty
Package: inputenc 2015/03/17 v1.2c Input encoding file
\inpenc@prehook=\toks16
\inpenc@posthook=\toks17


Package inputenc Warning: inputenc package ignored with utf8 based engines.

) (/usr/share/texlive/texmf-dist/tex/latex/enumitem/enumitem.sty
Package: enumitem 2011/09/28 v3.5.2 Customized lists
\labelindent=\skip48
\enit@outerparindent=\dimen106
\enit@toks=\toks18
\enit@inbox=\box26
\enitdp@description=\count98
) (/usr/share/texlive/texmf-dist/tex/latex/graphics/graphicx.sty
Package: graphicx 2017/06/01 v1.1a Enhanced LaTeX Graphics (DPC,SPQR)
 (/usr/share/texlive/texmf-dist/tex/latex/graphics/graphics.sty
Package: graphics 2017/06/25 v1.2c Standard LaTeX Graphics (DPC,SPQR)
 (/usr/share/texlive/texmf-dist/tex/latex/graphics/trig.sty
Package: trig 2016/01/03 v1.10 sin cos tan (DPC)
) (/usr/share/texlive/texmf-dist/tex/latex/graphics-cfg/graphics.cfg
File: graphics.cfg 2016/06/04 v1.11 sample graphics configuration
)
Package graphics Info: Driver file: xetex.def on input line 99.
 (/usr/share/texlive/texmf-dist/tex/latex/graphics-def/xetex.def
File: xetex.def 2017/06/24 v5.0h Graphics/color driver for xetex
))
\Gin@req@height=\dimen107
\Gin@req@width=\dimen108
) (/usr/share/texlive/texmf-dist/tex/latex/base/ifthen.sty
Package: ifthen 2014/09/29 v1.1c Standard LaTeX ifthen package (DPC)
) (/usr/share/texlive/texmf-dist/tex/latex/amsfonts/amssymb.sty
Package: amssymb 2013/01/14 v3.01 AMS font symbols
 (/usr/share/texlive/texmf-dist/tex/latex/amsfonts/amsfonts.sty
Package: amsfonts 2013/01/14 v3.01 Basic AMSFonts support
\@emptytoks=\toks19
\symAMSa=\mathgroup4
\symAMSb=\mathgroup5
LaTeX Font Info:    Overwriting math alphabet `\mathfrak' in version `bold'
(Font)                  U/euf/m/n --> U/euf/b/n on input line 106.
)) (/usr/share/texlive/texmf-dist/tex/latex/changepage/chngpage.sty
Package: chngpage 2009/10/20 v1.2b change page layout
\c@cp@cnt=\count99
\c@cp@tempcnt=\count100
) (/usr/share/texlive/texmf-dist/tex/latex/lastpage/lastpage.sty
Package: lastpage 2015/03/29 v1.2m Refers to last page's name (HMM; JPG)
) (/usr/share/texlive/texmf-dist/tex/latex/listings/listings.sty
\lst@mode=\count101
\lst@gtempboxa=\box27
\lst@token=\toks20
\lst@length=\count102
\lst@currlwidth=\dimen109
\lst@column=\count103
\lst@pos=\count104
\lst@lostspace=\dimen110
\lst@width=\dimen111
\lst@newlines=\count105
\lst@lineno=\count106
\lst@maxwidth=\dimen112
 (/usr/share/texlive/texmf-dist/tex/latex/listings/lstmisc.sty
File: lstmisc.sty 2015/06/04 1.6 (Carsten Heinz)
\c@lstnumber=\count107
\lst@skipnumbers=\count108
\lst@framebox=\box28
) (/usr/share/texlive/texmf-dist/tex/latex/listings/listings.cfg
File: listings.cfg 2015/06/04 1.6 listings configuration
))
Package: listings 2015/06/04 1.6 (Carsten Heinz)
 (/usr/share/texlive/texmf-dist/tex/latex/amsmath/amsmath.sty
Package: amsmath 2017/09/02 v2.17a AMS math features
\@mathmargin=\skip49

For additional information on amsmath, use the `?' option.
(/usr/share/texlive/texmf-dist/tex/latex/amsmath/amstext.sty
Package: amstext 2000/06/29 v2.01 AMS text
 (/usr/share/texlive/texmf-dist/tex/latex/amsmath/amsgen.sty
File: amsgen.sty 1999/11/30 v2.0 generic functions
\@emptytoks=\toks21
\ex@=\dimen113
)) (/usr/share/texlive/texmf-dist/tex/latex/amsmath/amsbsy.sty
Package: amsbsy 1999/11/29 v1.2d Bold Symbols
\pmbraise@=\dimen114
) (/usr/share/texlive/texmf-dist/tex/latex/amsmath/amsopn.sty
Package: amsopn 2016/03/08 v2.02 operator names
)
\inf@bad=\count109
LaTeX Info: Redefining \frac on input line 213.
\uproot@=\count110
\leftroot@=\count111
LaTeX Info: Redefining \overline on input line 375.
\classnum@=\count112
\DOTSCASE@=\count113
LaTeX Info: Redefining \ldots on input line 472.
LaTeX Info: Redefining \dots on input line 475.
LaTeX Info: Redefining \cdots on input line 596.
\Mathstrutbox@=\box29
\strutbox@=\box30
\big@size=\dimen115
LaTeX Font Info:    Redeclaring font encoding OML on input line 712.
LaTeX Font Info:    Redeclaring font encoding OMS on input line 713.
\macc@depth=\count114
\c@MaxMatrixCols=\count115
\dotsspace@=\muskip10
\c@parentequation=\count116
\dspbrk@lvl=\count117
\tag@help=\toks22
\row@=\count118
\column@=\count119
\maxfields@=\count120
\andhelp@=\toks23
\eqnshift@=\dimen116
\alignsep@=\dimen117
\tagshift@=\dimen118
\tagwidth@=\dimen119
\totwidth@=\dimen120
\lineht@=\dimen121
\@envbody=\toks24
\multlinegap=\skip50
\multlinetaggap=\skip51
\mathdisplay@stack=\toks25
LaTeX Info: Redefining \[ on input line 2817.
LaTeX Info: Redefining \] on input line 2818.
) (/usr/share/texlive/texmf-dist/tex/latex/base/textcomp.sty
Package: textcomp 2017/04/05 v2.0i Standard LaTeX package
Package textcomp Info: Sub-encoding information:
(textcomp)               5 = only ISO-Adobe without \textcurrency
(textcomp)               4 = 5 + \texteuro
(textcomp)               3 = 4 + \textohm
(textcomp)               2 = 3 + \textestimated + \textcurrency
(textcomp)               1 = TS1 - \textcircled - \t
(textcomp)               0 = TS1 (full)
(textcomp)             Font families with sub-encoding setting implement
(textcomp)             only a restricted character set as indicated.
(textcomp)             Family '?' is the default used for unknown fonts.
(textcomp)             See the documentation for details.
Package textcomp Info: Setting ? sub-encoding to TS1/1 on input line 79.
 (/usr/share/texlive/texmf-dist/tex/latex/base/ts1enc.def
File: ts1enc.def 2001/06/05 v3.0e (jk/car/fm) Standard LaTeX file
)
LaTeX Info: Redefining \oldstylenums on input line 334.
Package textcomp Info: Setting cmr sub-encoding to TS1/0 on input line 349.
Package textcomp Info: Setting cmss sub-encoding to TS1/0 on input line 350.
Package textcomp Info: Setting cmtt sub-encoding to TS1/0 on input line 351.
Package textcomp Info: Setting cmvtt sub-encoding to TS1/0 on input line 352.
Package textcomp Info: Setting cmbr sub-encoding to TS1/0 on input line 353.
Package textcomp Info: Setting cmtl sub-encoding to TS1/0 on input line 354.
Package textcomp Info: Setting ccr sub-encoding to TS1/0 on input line 355.
Package textcomp Info: Setting ptm sub-encoding to TS1/4 on input line 356.
Package textcomp Info: Setting pcr sub-encoding to TS1/4 on input line 357.
Package textcomp Info: Setting phv sub-encoding to TS1/4 on input line 358.
Package textcomp Info: Setting ppl sub-encoding to TS1/3 on input line 359.
Package textcomp Info: Setting pag sub-encoding to TS1/4 on input line 360.
Package textcomp Info: Setting pbk sub-encoding to TS1/4 on input line 361.
Package textcomp Info: Setting pnc sub-encoding to TS1/4 on input line 362.
Package textcomp Info: Setting pzc sub-encoding to TS1/4 on input line 363.
Package textcomp Info: Setting bch sub-encoding to TS1/4 on input line 364.
Package textcomp Info: Setting put sub-encoding to TS1/5 on input line 365.
Package textcomp Info: Setting uag sub-encoding to TS1/5 on input line 366.
Package textcomp Info: Setting ugq sub-encoding to TS1/5 on input line 367.
Package textcomp Info: Setting ul8 sub-encoding to TS1/4 on input line 368.
Package textcomp Info: Setting ul9 sub-encoding to TS1/4 on input line 369.
Package textcomp Info: Setting augie sub-encoding to TS1/5 on input line 370.
Package textcomp Info: Setting dayrom sub-encoding to TS1/3 on input line 371.
Package textcomp Info: Setting dayroms sub-encoding to TS1/3 on input line 372.
Package textcomp Info: Setting pxr sub-encoding to TS1/0 on input line 373.
Package textcomp Info: Setting pxss sub-encoding to TS1/0 on input line 374.
Package textcomp Info: Setting pxtt sub-encoding to TS1/0 on input line 375.
Package textcomp Info: Setting txr sub-encoding to TS1/0 on input line 376.
Package textcomp Info: Setting txss sub-encoding to TS1/0 on input line 377.
Package textcomp Info: Setting txtt sub-encoding to TS1/0 on input line 378.
Package textcomp Info: Setting lmr sub-encoding to TS1/0 on input line 379.
Package textcomp Info: Setting lmdh sub-encoding to TS1/0 on input line 380.
Package textcomp Info: Setting lmss sub-encoding to TS1/0 on input line 381.
Package textcomp Info: Setting lmssq sub-encoding to TS1/0 on input line 382.
Package textcomp Info: Setting lmvtt sub-encoding to TS1/0 on input line 383.
Package textcomp Info: Setting lmtt sub-encoding to TS1/0 on input line 384.
Package textcomp Info: Setting qhv sub-encoding to TS1/0 on input line 385.
Package textcomp Info: Setting qag sub-encoding to TS1/0 on input line 386.
Package textcomp Info: Setting qbk sub-encoding to TS1/0 on input line 387.
Package textcomp Info: Setting qcr sub-encoding to TS1/0 on input line 388.
Package textcomp Info: Setting qcs sub-encoding to TS1/0 on input line 389.
Package textcomp Info: Setting qpl sub-encoding to TS1/0 on input line 390.
Package textcomp Info: Setting qtm sub-encoding to TS1/0 on input line 391.
Package textcomp Info: Setting qzc sub-encoding to TS1/0 on input line 392.
Package textcomp Info: Setting qhvc sub-encoding to TS1/0 on input line 393.
Package textcomp Info: Setting futs sub-encoding to TS1/4 on input line 394.
Package textcomp Info: Setting futx sub-encoding to TS1/4 on input line 395.
Package textcomp Info: Setting futj sub-encoding to TS1/4 on input line 396.
Package textcomp Info: Setting hlh sub-encoding to TS1/3 on input line 397.
Package textcomp Info: Setting hls sub-encoding to TS1/3 on input line 398.
Package textcomp Info: Setting hlst sub-encoding to TS1/3 on input line 399.
Package textcomp Info: Setting hlct sub-encoding to TS1/5 on input line 400.
Package textcomp Info: Setting hlx sub-encoding to TS1/5 on input line 401.
Package textcomp Info: Setting hlce sub-encoding to TS1/5 on input line 402.
Package textcomp Info: Setting hlcn sub-encoding to TS1/5 on input line 403.
Package textcomp Info: Setting hlcw sub-encoding to TS1/5 on input line 404.
Package textcomp Info: Setting hlcf sub-encoding to TS1/5 on input line 405.
Package textcomp Info: Setting pplx sub-encoding to TS1/3 on input line 406.
Package textcomp Info: Setting pplj sub-encoding to TS1/3 on input line 407.
Package textcomp Info: Setting ptmx sub-encoding to TS1/4 on input line 408.
Package textcomp Info: Setting ptmj sub-encoding to TS1/4 on input line 409.
) (/usr/share/texlive/texmf-dist/tex/latex/graphics/color.sty
Package: color 2016/07/10 v1.1e Standard LaTeX Color (DPC)
 (/usr/share/texlive/texmf-dist/tex/latex/graphics-cfg/color.cfg
File: color.cfg 2016/01/02 v1.6 sample color configuration
)
Package color Info: Driver file: xetex.def on input line 147.
) (/usr/share/texlive/texmf-dist/tex/latex/colortbl/colortbl.sty
Package: colortbl 2012/02/13 v1.0a Color table columns (DPC)
 (/usr/share/texlive/texmf-dist/tex/latex/tools/array.sty
Package: array 2016/10/06 v2.4d Tabular extension package (FMi)
\col@sep=\dimen122
\extrarowheight=\dimen123
\NC@list=\toks26
\extratabsurround=\skip52
\backup@length=\skip53
)
\everycr=\toks27
\minrowclearance=\skip54
) (/usr/share/texlive/texmf-dist/tex/latex/xcolor/xcolor.sty
Package: xcolor 2016/05/11 v2.12 LaTeX color extensions (UK)
 (/usr/share/texlive/texmf-dist/tex/latex/graphics-cfg/color.cfg
File: color.cfg 2016/01/02 v1.6 sample color configuration
)
Package xcolor Info: Driver file: xetex.def on input line 225.
LaTeX Info: Redefining \color on input line 709.
Package xcolor Info: Model `cmy' substituted by `cmy0' on input line 1348.
Package xcolor Info: Model `RGB' extended on input line 1364.
Package xcolor Info: Model `HTML' substituted by `rgb' on input line 1366.
Package xcolor Info: Model `Hsb' substituted by `hsb' on input line 1367.
Package xcolor Info: Model `tHsb' substituted by `hsb' on input line 1368.
Package xcolor Info: Model `HSB' substituted by `hsb' on input line 1369.
Package xcolor Info: Model `Gray' substituted by `gray' on input line 1370.
Package xcolor Info: Model `wave' substituted by `hsb' on input line 1371.
) (/usr/share/texlive/texmf-dist/tex/latex/algorithms/algorithmic.sty
Invalid UTF-8 byte or sequence at line 11 replaced by U+FFFD.
Package: algorithmic 2009/08/24 v0.1 Document Style `algorithmic'
\c@ALC@unique=\count121
\c@ALC@line=\count122
\c@ALC@rem=\count123
\c@ALC@depth=\count124
\ALC@tlm=\skip55
\algorithmicindent=\skip56
) (/usr/share/texlive/texmf-dist/tex/latex/algorithms/algorithm.sty
Invalid UTF-8 byte or sequence at line 11 replaced by U+FFFD.
Package: algorithm 2009/08/24 v0.1 Document Style `algorithm' - floating environment
 (/usr/share/texlive/texmf-dist/tex/latex/float/float.sty
Package: float 2001/11/08 v1.3d Float enhancements (AL)
\c@float@type=\count125
\float@exts=\toks28
\float@box=\box31
\@float@everytoks=\toks29
\@floatcapt=\box32
)
\@float@every@algorithm=\toks30
\c@algorithm=\count126
) (/usr/share/texlive/texmf-dist/tex/latex/supertabular/supertabular.sty
Package: supertabular 2004/02/20 v4.1e the supertabular environment
\c@tracingst=\count127
\ST@wd=\dimen124
\ST@rightskip=\skip57
\ST@leftskip=\skip58
\ST@parfillskip=\skip59
\ST@pageleft=\dimen125
\ST@headht=\dimen126
\ST@tailht=\dimen127
\ST@pagesofar=\dimen128
\ST@pboxht=\dimen129
\ST@lineht=\dimen130
\ST@stretchht=\dimen131
\ST@prevht=\dimen132
\ST@toadd=\dimen133
\ST@dimen=\dimen134
\ST@pbox=\box33
) (/usr/share/texlive/texmf-dist/tex/latex/multirow/multirow.sty
Package: multirow 2016/11/25 v2.2 Span multiple rows of a table
\multirow@colwidth=\skip60
\multirow@cntb=\count128
\multirow@dima=\skip61
\bigstrutjot=\dimen135
) (/usr/share/texlive/texmf-dist/tex/latex/tools/hhline.sty
Package: hhline 2014/10/28 v2.03 Table rule package (DPC)
) (/usr/share/texlive/texmf-dist/tex/latex/hyperref/hyperref.sty
Package: hyperref 2018/02/06 v6.86b Hypertext links for LaTeX
 (/usr/share/texlive/texmf-dist/tex/generic/oberdiek/hobsub-hyperref.sty
Package: hobsub-hyperref 2016/05/16 v1.14 Bundle oberdiek, subset hyperref (HO)
 (/usr/share/texlive/texmf-dist/tex/generic/oberdiek/hobsub-generic.sty
Package: hobsub-generic 2016/05/16 v1.14 Bundle oberdiek, subset generic (HO)
Package: hobsub 2016/05/16 v1.14 Construct package bundles (HO)
Package: infwarerr 2016/05/16 v1.4 Providing info/warning/error messages (HO)
Package: ltxcmds 2016/05/16 v1.23 LaTeX kernel commands for general use (HO)
Package: ifluatex 2016/05/16 v1.4 Provides the ifluatex switch (HO)
Package ifluatex Info: LuaTeX not detected.
Package: ifvtex 2016/05/16 v1.6 Detect VTeX and its facilities (HO)
Package ifvtex Info: VTeX not detected.
Package: intcalc 2016/05/16 v1.2 Expandable calculations with integers (HO)
Package: ifpdf 2017/03/15 v3.2 Provides the ifpdf switch
Package: etexcmds 2016/05/16 v1.6 Avoid name clashes with e-TeX commands (HO)
Package etexcmds Info: Could not find \expanded.
(etexcmds)             That can mean that you are not using pdfTeX 1.50 or
(etexcmds)             that some package has redefined \expanded.
(etexcmds)             In the latter case, load this package earlier.
Package: kvsetkeys 2016/05/16 v1.17 Key value parser (HO)
Package: kvdefinekeys 2016/05/16 v1.4 Define keys (HO)
Package: pdftexcmds 2018/01/21 v0.26 Utility functions of pdfTeX for LuaTeX (HO)
Package pdftexcmds Info: LuaTeX not detected.
Package pdftexcmds Info: pdfTeX >= 1.30 not detected.
Package pdftexcmds Info: \pdf@primitive is available.
Package pdftexcmds Info: \pdf@ifprimitive is available.
Package pdftexcmds Info: \pdfdraftmode not found.
Package: pdfescape 2016/05/16 v1.14 Implements pdfTeX's escape features (HO)
Package: bigintcalc 2016/05/16 v1.4 Expandable calculations on big integers (HO)
Package: bitset 2016/05/16 v1.2 Handle bit-vector datatype (HO)
Package: uniquecounter 2016/05/16 v1.3 Provide unlimited unique counter (HO)
)
Package hobsub Info: Skipping package `hobsub' (already loaded).
Package: letltxmacro 2016/05/16 v1.5 Let assignment for LaTeX macros (HO)
Package: hopatch 2016/05/16 v1.3 Wrapper for package hooks (HO)
Package: xcolor-patch 2016/05/16 xcolor patch
Package: atveryend 2016/05/16 v1.9 Hooks at the very end of document (HO)
Package atveryend Info: \enddocument detected (standard20110627).
Package: atbegshi 2016/06/09 v1.18 At begin shipout hook (HO)
Package: refcount 2016/05/16 v3.5 Data extraction from label references (HO)
Package: hycolor 2016/05/16 v1.8 Color options for hyperref/bookmark (HO)
) (/usr/share/texlive/texmf-dist/tex/generic/ifxetex/ifxetex.sty
Package: ifxetex 2010/09/12 v0.6 Provides ifxetex conditional
) (/usr/share/texlive/texmf-dist/tex/latex/oberdiek/auxhook.sty
Package: auxhook 2016/05/16 v1.4 Hooks for auxiliary files (HO)
) (/usr/share/texlive/texmf-dist/tex/latex/oberdiek/kvoptions.sty
Package: kvoptions 2016/05/16 v3.12 Key value format for package options (HO)
)
\@linkdim=\dimen136
\Hy@linkcounter=\count129
\Hy@pagecounter=\count130
 (/usr/share/texlive/texmf-dist/tex/latex/hyperref/pd1enc.def
File: pd1enc.def 2018/02/06 v6.86b Hyperref: PDFDocEncoding definition (HO)
)
\Hy@SavedSpaceFactor=\count131
 (/usr/share/texlive/texmf-dist/tex/latex/latexconfig/hyperref.cfg
File: hyperref.cfg 2002/06/06 v1.2 hyperref configuration of TeXLive
)
Package hyperref Info: Hyper figures OFF on input line 4509.
Package hyperref Info: Link nesting OFF on input line 4514.
Package hyperref Info: Hyper index ON on input line 4517.
Package hyperref Info: Plain pages OFF on input line 4524.
Package hyperref Info: Backreferencing OFF on input line 4529.
Package hyperref Info: Implicit mode ON; LaTeX internals redefined.
Package hyperref Info: Bookmarks ON on input line 4762.
\c@Hy@tempcnt=\count132
 (/usr/share/texlive/texmf-dist/tex/latex/url/url.sty
\Urlmuskip=\muskip11
Package: url 2013/09/16  ver 3.4  Verb mode for urls, etc.
)
LaTeX Info: Redefining \url on input line 5115.
\XeTeXLinkMargin=\dimen137
\Fld@menulength=\count133
\Field@Width=\dimen138
\Fld@charsize=\dimen139
Package hyperref Info: Hyper figures OFF on input line 6369.
Package hyperref Info: Link nesting OFF on input line 6374.
Package hyperref Info: Hyper index ON on input line 6377.
Package hyperref Info: backreferencing OFF on input line 6384.
Package hyperref Info: Link coloring OFF on input line 6389.
Package hyperref Info: Link coloring with OCG OFF on input line 6394.
Package hyperref Info: PDF/A mode OFF on input line 6399.
LaTeX Info: Redefining \ref on input line 6439.
LaTeX Info: Redefining \pageref on input line 6443.
\Hy@abspage=\count134
\c@Item=\count135
\c@Hfootnote=\count136
)
Package hyperref Info: Driver (autodetected): hxetex.
 (/usr/share/texlive/texmf-dist/tex/latex/hyperref/hxetex.def
File: hxetex.def 2018/02/06 v6.86b Hyperref driver for XeTeX
 (/usr/share/texlive/texmf-dist/tex/latex/hyperref/puenc.def
File: puenc.def 2018/02/06 v6.86b Hyperref: PDF Unicode definition (HO)
) (/usr/share/texlive/texmf-dist/tex/generic/oberdiek/stringenc.sty
Package: stringenc 2016/05/16 v1.11 Convert strings between diff. encodings (HO)
)
\pdfm@box=\box34
\c@Hy@AnnotLevel=\count137
\HyField@AnnotCount=\count138
\Fld@listcount=\count139
\c@bookmark@seq@number=\count140
 (/usr/share/texlive/texmf-dist/tex/latex/oberdiek/rerunfilecheck.sty
Package: rerunfilecheck 2016/05/16 v1.8 Rerun checks for auxiliary files (HO)
Package rerunfilecheck Info: Feature \pdfmdfivesum is not available
(rerunfilecheck)             (e.g. pdfTeX or LuaTeX with package `pdftexcmds').
(rerunfilecheck)             Therefore file contents cannot be checked efficiently
(rerunfilecheck)             and the loading of the package is aborted.
)
\Hy@SectionHShift=\skip62
)

Package hyperref Warning: Option `pdftex' has already been used,
(hyperref)                setting the option has no effect on input line 44.

Package hyperref Info: Option `colorlinks' set `true' on input line 44.
(/usr/share/texlive/texmf-dist/tex/generic/oberdiek/se-ascii-print.def
File: se-ascii-print.def 2016/05/16 v1.11 stringenc: Printable ASCII characters
) (/usr/share/texlive/texmf-dist/tex/latex/fancyhdr/fancyhdr.sty
Package: fancyhdr 2017/06/30 v3.9a Extensive control of page headers and footers
\f@nch@headwidth=\skip63
\f@nch@O@elh=\skip64
\f@nch@O@erh=\skip65
\f@nch@O@olh=\skip66
\f@nch@O@orh=\skip67
\f@nch@O@elf=\skip68
\f@nch@O@erf=\skip69
\f@nch@O@olf=\skip70
\f@nch@O@orf=\skip71
) (/usr/share/texlive/texmf-dist/tex/latex/chappg/chappg.sty
Package: chappg 2006/05/09 v2.1b page numbering by chapter number pages by chapter (or other unit)
) (/usr/share/texlive/texmf-dist/tex/latex/preprint/fullpage.sty
Package: fullpage 1999/02/23 1.1 (PWD)
\FP@margin=\skip72
) (/usr/share/texlive/texmf-dist/tex/latex/geometry/geometry.sty
Package: geometry 2010/09/12 v5.6 Page Geometry
\Gm@cnth=\count141
\Gm@cntv=\count142
\c@Gm@tempcnt=\count143
\Gm@bindingoffset=\dimen140
\Gm@wd@mp=\dimen141
\Gm@odd@mp=\dimen142
\Gm@even@mp=\dimen143
\Gm@layoutwidth=\dimen144
\Gm@layoutheight=\dimen145
\Gm@layouthoffset=\dimen146
\Gm@layoutvoffset=\dimen147
\Gm@dimlist=\toks31
)
\c@Figure=\count144
\c@quation=\count145
\c@Table=\count146
 (/workspaces/microinfo-handout/Cours_MUI.aux)
\openout1 = `Cours_MUI.aux'.

LaTeX Font Info:    Checking defaults for OML/cmm/m/it on input line 118.
LaTeX Font Info:    ... okay on input line 118.
LaTeX Font Info:    Checking defaults for T1/cmr/m/n on input line 118.
LaTeX Font Info:    ... okay on input line 118.
LaTeX Font Info:    Checking defaults for OT1/cmr/m/n on input line 118.
LaTeX Font Info:    ... okay on input line 118.
LaTeX Font Info:    Checking defaults for OMS/cmsy/m/n on input line 118.
LaTeX Font Info:    ... okay on input line 118.
LaTeX Font Info:    Checking defaults for TU/lmr/m/n on input line 118.
LaTeX Font Info:    ... okay on input line 118.
LaTeX Font Info:    Checking defaults for OMX/cmex/m/n on input line 118.
LaTeX Font Info:    ... okay on input line 118.
LaTeX Font Info:    Checking defaults for U/cmr/m/n on input line 118.
LaTeX Font Info:    ... okay on input line 118.
LaTeX Font Info:    Checking defaults for TS1/cmr/m/n on input line 118.
LaTeX Font Info:    Try loading font information for TS1+cmr on input line 118.
 (/usr/share/texlive/texmf-dist/tex/latex/base/ts1cmr.fd
File: ts1cmr.fd 2014/09/29 v2.5h Standard LaTeX font definitions
)
LaTeX Font Info:    ... okay on input line 118.
LaTeX Font Info:    Checking defaults for PD1/pdf/m/n on input line 118.
LaTeX Font Info:    ... okay on input line 118.
LaTeX Font Info:    Checking defaults for PU/pdf/m/n on input line 118.
LaTeX Font Info:    ... okay on input line 118.
LaTeX Info: Redefining \dots on input line 118.
Package french.ldf Info: Setting StandardItemizeEnv=true for
(french.ldf)             compatibility with enumitem package,
(french.ldf)             reported on input line 118.
Package french.ldf Info: Setting StandardEnumerateEnv=true for
(french.ldf)             compatibility with enumitem package,
(french.ldf)             reported on input line 118.
LaTeX Info: Redefining \up on input line 118.


Package french.ldf Warning: Add \usepackage{fontspec} to the
(french.ldf)                preamble of your document, reported on input line 118.

Package lastpage Info: Please have a look at the pageslts package at
(lastpage)             https://www.ctan.org/pkg/pageslts
(lastpage)             ! on input line 118.
\c@lstlisting=\count147
\AtBeginShipoutBox=\box35
Package hyperref Info: Link coloring ON on input line 118.
(/usr/share/texlive/texmf-dist/tex/latex/hyperref/nameref.sty
Package: nameref 2016/05/21 v2.44 Cross-referencing by name of section
 (/usr/share/texlive/texmf-dist/tex/generic/oberdiek/gettitlestring.sty
Package: gettitlestring 2016/05/16 v1.5 Cleanup title references (HO)
)
\c@section@level=\count148
)
LaTeX Info: Redefining \ref on input line 118.
LaTeX Info: Redefining \pageref on input line 118.
LaTeX Info: Redefining \nameref on input line 118.
 (/workspaces/microinfo-handout/Cours_MUI.out) (/workspaces/microinfo-handout/Cours_MUI.out)
\@outlinefile=\write3
\openout3 = `Cours_MUI.out'.


*geometry* driver: auto-detecting
*geometry* detected driver: xetex
*geometry* verbose mode - [ preamble ] result:
* driver: xetex
* paper: a4paper
* layout: <same size as paper>
* layoutoffset:(h,v)=(0.0pt,0.0pt)
* modes: includehead twoside heightrounded 
* h-part:(L,W,R)=(56.9055pt, 468.90071pt, 71.70166pt)
* v-part:(T,H,B)=(28.45274pt, 745.46222pt, 71.13188pt)
* \paperwidth=597.50787pt
* \paperheight=845.04684pt
* \textwidth=468.90071pt
* \textheight=718.0pt
* \oddsidemargin=-15.36449pt
* \evensidemargin=-0.56833pt
* \topmargin=-43.81725pt
* \headheight=17.07164pt
* \headsep=14.22636pt
* \topskip=10.0pt
* \footskip=25.29494pt
* \marginparwidth=14.22636pt
* \marginparsep=11.38109pt
* \columnsep=10.0pt
* \skip\footins=3.38597pt
* \hoffset=0.0pt
* \voffset=0.0pt
* \mag=1000
* \@twocolumnfalse
* \@twosidetrue
* \@mparswitchtrue
* \@reversemarginfalse
* (1in=72.27pt=25.4mm, 1cm=28.453pt)

LaTeX Font Info:    Try loading font information for U+msa on input line 184.
(/usr/share/texlive/texmf-dist/tex/latex/amsfonts/umsa.fd
File: umsa.fd 2013/01/14 v3.01 AMS symbols A
)
LaTeX Font Info:    Try loading font information for U+msb on input line 184.
 (/usr/share/texlive/texmf-dist/tex/latex/amsfonts/umsb.fd
File: umsb.fd 2013/01/14 v3.01 AMS symbols B
)

LaTeX Font Warning: Font shape `T1/lmr/bx/sc' undefined
(Font)              using `T1/lmr/bx/n' instead on input line 195.

File: logo_HEIG_VD.png Graphic file (type bmp)
<logo_HEIG_VD.png>

Package Fancyhdr Warning: \headheight is too small (17.07164pt): 
 Make it at least 111.52748pt.
 We now make it that large for the rest of the document.
 This may cause the page layout to be inconsistent, however.

[1


]
Underfull \hbox (badness 10000) in paragraph at lines 252--276

 []

[1]
Underfull \hbox (badness 10000) in paragraph at lines 284--285

 []

[2] (/workspaces/microinfo-handout/Cours_MUI.toc [3

])
\tf@toc=\write4
\openout4 = `Cours_MUI.toc'.

 [4] (/workspaces/microinfo-handout/Cours_MUI.lot)
\tf@lot=\write5
\openout5 = `Cours_MUI.lot'.

 [5

] (/workspaces/microinfo-handout/./Chapter_intro.tex
Chapitre 1.
File: ./Figures/Branches.pdf Graphic file (type pdf)
<use ./Figures/Branches.pdf>
[1

]
LaTeX Font Info:    Try loading font information for T1+phv on input line 50.
 (/usr/share/texlive/texmf-dist/tex/latex/psnfss/t1phv.fd
File: t1phv.fd 2001/06/04 scalable font definitions for T1/phv.
) [2]
Underfull \vbox (badness 10000) has occurred while \output is active []

 [3]
LaTeX Font Info:    Try loading font information for TS1+lmr on input line 190.
 (/usr/share/texmf/tex/latex/lm/ts1lmr.fd
File: ts1lmr.fd 2009/10/30 v1.6 Font defs for Latin Modern
) [4] (/usr/share/texlive/texmf-dist/tex/latex/listings/lstlang1.sty
File: lstlang1.sty 2015/06/04 1.6 listings language file
) (/usr/share/texlive/texmf-dist/tex/latex/listings/lstmisc.sty
File: lstmisc.sty 2015/06/04 1.6 (Carsten Heinz)
)
LaTeX Font Info:    Try loading font information for T1+pcr on input line 296.
 (/usr/share/texlive/texmf-dist/tex/latex/psnfss/t1pcr.fd
File: t1pcr.fd 2001/06/04 font definitions for T1/pcr.
)
LaTeX Font Info:    Font shape `T1/pcr/bx/n' in size <10> not available
(Font)              Font shape `T1/pcr/b/n' tried instead on input line 297.
LaTeX Font Info:    Font shape `T1/pcr/m/it' in size <10> not available
(Font)              Font shape `T1/pcr/m/sl' tried instead on input line 298.
 [5]) (/workspaces/microinfo-handout/./Chapter_gpio.tex [6]
Chapitre 2.
File: ./Figures/gpio/Port.pdf Graphic file (type pdf)
<use ./Figures/gpio/Port.pdf>
File: ./Figures/gpio/pullres.pdf Graphic file (type pdf)
<use ./Figures/gpio/pullres.pdf>
[7

]
File: ./Figures/gpio/PxOUT.pdf Graphic file (type pdf)
<use ./Figures/gpio/PxOUT.pdf>
 [8]
LaTeX Font Info:    Try loading font information for TS1+pcr on input line 181.
 (/usr/share/texlive/texmf-dist/tex/latex/psnfss/ts1pcr.fd
File: ts1pcr.fd 2001/06/04 font definitions for TS1/pcr.
)
LaTeX Font Info:    Font shape `TS1/pcr/m/it' in size <10> not available
(Font)              Font shape `TS1/pcr/m/sl' tried instead on input line 181.
 [9]) (/workspaces/microinfo-handout/./Chapter_arith.tex [10] [11] [12]
Chapitre 3.
[13

] [14]
File: ./Figures/arith/Half-adder.pdf Graphic file (type pdf)
<use ./Figures/arith/Half-adder.pdf>
 [15] [16] [17]) (/workspaces/microinfo-handout/./Chapter_interrupt.tex [18]
Chapitre 4.
[19

]
Overfull \hbox (13.58119pt too wide) in paragraph at lines 90--91
[]\T1/lmr/m/n/10 Pour une in-ter-rup-tion de-puis un GPIO, il nous faut un vec-teur d'in-ter-rup-tion ap-pro-prié, PORT1_VECTOR
 []

[20]
Overfull \hbox (19.2351pt too wide) in paragraph at lines 107--108
[]\T1/lmr/m/n/10 Pour une in-ter-rup-tion de-puis un ti-mer, il nous faut un vec-teur d'in-ter-rup-tion ap-pro-prié, TI-MERA_VECTOR
 []

) (/workspaces/microinfo-handout/./Chapter_timer.tex [21] [22

]
Chapitre 5.
File: ./Figures/Chap5_Timer/Timer.pdf Graphic file (type pdf)
<use ./Figures/Chap5_Timer/Timer.pdf>
[23]
File: ./Figures/Chap5_Timer/Timer_chrono1.pdf Graphic file (type pdf)
<use ./Figures/Chap5_Timer/Timer_chrono1.pdf>
File: ./Figures/Chap5_Timer/Timer_chrono2.pdf Graphic file (type pdf)
<use ./Figures/Chap5_Timer/Timer_chrono2.pdf>

Underfull \vbox (badness 5316) has occurred while \output is active []

 [24]
File: ./Figures/Chap5_Timer/Timer_blocs_1.pdf Graphic file (type pdf)
<use ./Figures/Chap5_Timer/Timer_blocs_1.pdf>
File: ./Figures/Chap5_Timer/Timer_Detail_1.pdf Graphic file (type pdf)
<use ./Figures/Chap5_Timer/Timer_Detail_1.pdf>
 [25]
File: ./Figures/Chap5_Timer/Timer_Mode_1.pdf Graphic file (type pdf)
<use ./Figures/Chap5_Timer/Timer_Mode_1.pdf>
 [26]
File: ./Figures/Chap5_Timer/Timer_Mode_2.pdf Graphic file (type pdf)
<use ./Figures/Chap5_Timer/Timer_Mode_2.pdf>
File: ./Figures/Chap5_Timer/Timer_Mode_3a.pdf Graphic file (type pdf)
<use ./Figures/Chap5_Timer/Timer_Mode_3a.pdf>
File: ./Figures/Chap5_Timer/Timer_Mode_3b.pdf Graphic file (type pdf)
<use ./Figures/Chap5_Timer/Timer_Mode_3b.pdf>

Underfull \vbox (badness 10000) has occurred while \output is active []

 [27]
File: ./Figures/Chap5_Timer/TAxCTL.pdf Graphic file (type pdf)
<use ./Figures/Chap5_Timer/TAxCTL.pdf>


LaTeX Warning: `h' float specifier changed to `ht'.

[28]
File: ./Figures/Chap5_Timer/Timer_blocs_3.pdf Graphic file (type pdf)
<use ./Figures/Chap5_Timer/Timer_blocs_3.pdf>

Underfull \vbox (badness 2503) has occurred while \output is active []

 [29]
File: ./Figures/Chap5_Timer/Timer_Detail_2.pdf Graphic file (type pdf)
<use ./Figures/Chap5_Timer/Timer_Detail_2.pdf>
File: ./Figures/Chap5_Timer/TAxCCTLy.pdf Graphic file (type pdf)
<use ./Figures/Chap5_Timer/TAxCCTLy.pdf>
 [30] [31]
File: ./Figures/Chap5_Timer/Timer_CC.pdf Graphic file (type pdf)
<use ./Figures/Chap5_Timer/Timer_CC.pdf>

Overfull \hbox (7.03383pt too wide) in paragraph at lines 407--438
[]$[]$ 
 []

[32]
File: ./Figures/Chap5_Timer/Timer_Out1.pdf Graphic file (type pdf)
<use ./Figures/Chap5_Timer/Timer_Out1.pdf>
File: ./Figures/Chap5_Timer/Timer_Out2.pdf Graphic file (type pdf)
<use ./Figures/Chap5_Timer/Timer_Out2.pdf>
File: ./Figures/Chap5_Timer/Timer_Out3.pdf Graphic file (type pdf)
<use ./Figures/Chap5_Timer/Timer_Out3.pdf>
) (/workspaces/microinfo-handout/./Chapter_clock.tex [33] [34] [35] [36]
Chapitre 6.
File: ./Figures/Chap6_Horloges/Osc_RC_1.pdf Graphic file (type pdf)
<use ./Figures/Chap6_Horloges/Osc_RC_1.pdf>
File: ./Figures/Chap6_Horloges/Osc_RC_2.pdf Graphic file (type pdf)
<use ./Figures/Chap6_Horloges/Osc_RC_2.pdf>
[37

]
File: ./Figures/Chap6_Horloges/Osc_XTAL_1.pdf Graphic file (type pdf)
<use ./Figures/Chap6_Horloges/Osc_XTAL_1.pdf>
File: ./Figures/Chap6_Horloges/XTAL_Pol.pdf Graphic file (type pdf)
<use ./Figures/Chap6_Horloges/XTAL_Pol.pdf>
 [38]
File: ./Figures/Chap6_Horloges/FLL_BO.pdf Graphic file (type pdf)
<use ./Figures/Chap6_Horloges/FLL_BO.pdf>
 [39]
File: ./Figures/Chap6_Horloges/FLL_BF.pdf Graphic file (type pdf)
<use ./Figures/Chap6_Horloges/FLL_BF.pdf>
File: ./Figures/Chap6_Horloges/FLL_Frac.pdf Graphic file (type pdf)
<use ./Figures/Chap6_Horloges/FLL_Frac.pdf>

Underfull \hbox (badness 10000) in paragraph at lines 140--141

 []


Underfull \hbox (badness 10000) in paragraph at lines 142--143

 []


Underfull \vbox (badness 10000) has occurred while \output is active []

 [40]
File: ./Figures/Chap6_Horloges/UCS_Blocs.pdf Graphic file (type pdf)
<use ./Figures/Chap6_Horloges/UCS_Blocs.pdf>


LaTeX Warning: Reference `Multiplicateur de fréquence' on page 41 undefined on input line 175.

[41]
File: ./Figures/Chap6_Horloges/UCS_FLL.pdf Graphic file (type pdf)
<use ./Figures/Chap6_Horloges/UCS_FLL.pdf>
File: ./Figures/Chap6_Horloges/FLL_Gammes.pdf Graphic file (type pdf)
<use ./Figures/Chap6_Horloges/FLL_Gammes.pdf>
 [42]
File: ./Figures/Chap6_Horloges/UCS_Schema.pdf Graphic file (type pdf)
<use ./Figures/Chap6_Horloges/UCS_Schema.pdf>

Underfull \vbox (badness 2096) has occurred while \output is active []

 [43]
Underfull \vbox (badness 10000) has occurred while \output is active []

 [44]
File: ./Figures/Chap6_Horloges/UCSCTL1.pdf Graphic file (type pdf)
<use ./Figures/Chap6_Horloges/UCSCTL1.pdf>
File: ./Figures/Chap6_Horloges/UCSCTL2.pdf Graphic file (type pdf)
<use ./Figures/Chap6_Horloges/UCSCTL2.pdf>

Underfull \vbox (badness 10000) has occurred while \output is active []

 [45]
File: ./Figures/Chap6_Horloges/UCSCTL3.pdf Graphic file (type pdf)
<use ./Figures/Chap6_Horloges/UCSCTL3.pdf>

Underfull \vbox (badness 10000) has occurred while \output is active []

 [46]
File: ./Figures/Chap6_Horloges/UCSCTL4.pdf Graphic file (type pdf)
<use ./Figures/Chap6_Horloges/UCSCTL4.pdf>

Underfull \vbox (badness 10000) has occurred while \output is active []

 [47]
File: ./Figures/Chap6_Horloges/UCSCTL5.pdf Graphic file (type pdf)
<use ./Figures/Chap6_Horloges/UCSCTL5.pdf>

Underfull \vbox (badness 10000) has occurred while \output is active []

 [48]) (/workspaces/microinfo-handout/./Chapter_assembleur.tex [49] [50

]
Chapitre 7.
[51] [52]
Overfull \hbox (3.65257pt too wide) in paragraph at lines 163--184
 [][] 
 []

[53]
File: ./Figures/Assembleur/Inst_format_1.pdf Graphic file (type pdf)
<use ./Figures/Assembleur/Inst_format_1.pdf>
File: ./Figures/Assembleur/Inst_format_2.pdf Graphic file (type pdf)
<use ./Figures/Assembleur/Inst_format_2.pdf>
File: ./Figures/Assembleur/Inst_format_jump.pdf Graphic file (type pdf)
<use ./Figures/Assembleur/Inst_format_jump.pdf>

Underfull \vbox (badness 3271) has occurred while \output is active []

 [54] [55] [56]
File: ./Figures/Assembleur/develop_flow.jpg Graphic file (type bmp)
<./Figures/Assembleur/develop_flow.jpg>

Underfull \hbox (badness 10000) in paragraph at lines 374--375

 []

[57]
Underfull \hbox (badness 10000) in paragraph at lines 376--377

 []


Underfull \hbox (badness 10000) in paragraph at lines 378--380

 []


Underfull \hbox (badness 10000) in paragraph at lines 381--382

 []


Underfull \hbox (badness 10000) in paragraph at lines 383--384

 []

) (/workspaces/microinfo-handout/./Chapter_cpu.tex [58]
Chapitre 8.
File: ./Figures/cpu/cpu1.pdf Graphic file (type pdf)
<use ./Figures/cpu/cpu1.pdf>
File: ./Figures/cpu/cpu2.pdf Graphic file (type pdf)
<use ./Figures/cpu/cpu2.pdf>
File: ./Figures/cpu/vonneumann.pdf Graphic file (type pdf)
<use ./Figures/cpu/vonneumann.pdf>
[59

] [60] [61]
File: ./Figures/cpu/instruction1.pdf Graphic file (type pdf)
<use ./Figures/cpu/instruction1.pdf>
 [62]
File: ./Figures/cpu/instruction2.pdf Graphic file (type pdf)
<use ./Figures/cpu/instruction2.pdf>
File: ./Figures/cpu/opcode1.pdf Graphic file (type pdf)
<use ./Figures/cpu/opcode1.pdf>
File: ./Figures/cpu/opcode2.pdf Graphic file (type pdf)
<use ./Figures/cpu/opcode2.pdf>
 [63]
File: ./Figures/cpu/instruction3.pdf Graphic file (type pdf)
<use ./Figures/cpu/instruction3.pdf>
File: ./Figures/cpu/instruction4.pdf Graphic file (type pdf)
<use ./Figures/cpu/instruction4.pdf>
 [64]
File: ./Figures/cpu/instruction5.pdf Graphic file (type pdf)
<use ./Figures/cpu/instruction5.pdf>
 [65]
File: ./Figures/cpu/Sequenceur1.pdf Graphic file (type pdf)
<use ./Figures/cpu/Sequenceur1.pdf>
File: ./Figures/cpu/Sequenceur2.pdf Graphic file (type pdf)
<use ./Figures/cpu/Sequenceur2.pdf>
File: ./Figures/cpu/withoutpipeline1.pdf Graphic file (type pdf)
<use ./Figures/cpu/withoutpipeline1.pdf>
File: ./Figures/cpu/wpipeline2.pdf Graphic file (type pdf)
<use ./Figures/cpu/wpipeline2.pdf>
File: ./Figures/cpu/withpipeline1.pdf Graphic file (type pdf)
<use ./Figures/cpu/withpipeline1.pdf>
File: ./Figures/cpu/withpipeline2.pdf Graphic file (type pdf)
<use ./Figures/cpu/withpipeline2.pdf>
 [66] [67]) (/workspaces/microinfo-handout/./Chapter_prog.tex [68]
Chapitre 9.
[69

] [70]) (/workspaces/microinfo-handout/./Chapter_serial.tex [71] [72

]
Chapitre 10.
File: ./Figures/serial/modelOSI.pdf Graphic file (type pdf)
<use ./Figures/serial/modelOSI.pdf>
[73]
File: ./Figures/serial/tcpipstack.pdf Graphic file (type pdf)
<use ./Figures/serial/tcpipstack.pdf>
File: ./Figures/serial/UART.pdf Graphic file (type pdf)
<use ./Figures/serial/UART.pdf>
File: ./Figures/serial/SPI_8-bit_circular_transfer.pdf Graphic file (type pdf)
<use ./Figures/serial/SPI_8-bit_circular_transfer.pdf>
File: ./Figures/serial/I2C.pdf Graphic file (type pdf)
<use ./Figures/serial/I2C.pdf>
 [74]
File: ./Figures/serial/USB_signal_example.pdf Graphic file (type pdf)
<use ./Figures/serial/USB_signal_example.pdf>
 [75]) (/workspaces/microinfo-handout/./Chapter_adda.tex [76] [77] [78]
Chapitre 11.
File: ./Figures/Chap11_ADC/Acq_Chain.pdf Graphic file (type pdf)
<use ./Figures/Chap11_ADC/Acq_Chain.pdf>
File: ./Figures/Chap11_ADC/ADC_Fonction.pdf Graphic file (type pdf)
<use ./Figures/Chap11_ADC/ADC_Fonction.pdf>
[79

]
File: ./Figures/Chap11_ADC/SA_ADC_block_diagram.png Graphic file (type bmp)
<./Figures/Chap11_ADC/SA_ADC_block_diagram.png>
File: ./Figures/Chap11_ADC/ADC_SAR.pdf Graphic file (type pdf)
<use ./Figures/Chap11_ADC/ADC_SAR.pdf>

Underfull \hbox (badness 10000) in paragraph at lines 70--72

 []

[80]
File: ./Figures/Chap11_ADC/ADC_Schema.pdf Graphic file (type pdf)
<use ./Figures/Chap11_ADC/ADC_Schema.pdf>
 [81] [82]
File: ./Figures/Chap11_ADC/ADC12SHP1.pdf Graphic file (type pdf)
<use ./Figures/Chap11_ADC/ADC12SHP1.pdf>

Underfull \hbox (badness 10000) in paragraph at lines 139--141

 []


Underfull \hbox (badness 10000) in paragraph at lines 143--144

 []

[83]
File: ./Figures/Chap11_ADC/ADC12Stockage.pdf Graphic file (type pdf)
<use ./Figures/Chap11_ADC/ADC12Stockage.pdf>

Underfull \hbox (badness 10000) in paragraph at lines 195--196

 []

[84]
File: ./Figures/Chap11_ADC/ADC12CTL0.pdf Graphic file (type pdf)
<use ./Figures/Chap11_ADC/ADC12CTL0.pdf>

Underfull \vbox (badness 10000) has occurred while \output is active []

 [85]
File: ./Figures/Chap11_ADC/ADC12CTL1.pdf Graphic file (type pdf)
<use ./Figures/Chap11_ADC/ADC12CTL1.pdf>

Underfull \vbox (badness 1097) has occurred while \output is active []

 [86]
File: ./Figures/Chap11_ADC/ADC12CTL2.pdf Graphic file (type pdf)
<use ./Figures/Chap11_ADC/ADC12CTL2.pdf>

Overfull \hbox (7.03383pt too wide) in paragraph at lines 356--415
[]$[]$ 
 []


Underfull \vbox (badness 10000) has occurred while \output is active []

 [87])
Overfull \hbox (7.03383pt too wide) in paragraph at lines 416--360
[]$[]$
 []


Underfull \hbox (badness 10000) in paragraph at lines 416--360

 []

(/workspaces/microinfo-handout/./Appendix01.tex
Underfull \vbox (badness 10000) has occurred while \output is active []

 [88] [89] [90

]
Annexe A.
[91] [92]) 
AED: lastpage setting LastPage
[93

]
Package atveryend Info: Empty hook `BeforeClearDocument' on input line 366.
Package atveryend Info: Empty hook `AfterLastShipout' on input line 366.
 (/workspaces/microinfo-handout/Cours_MUI.aux)
Package atveryend Info: Empty hook `AtVeryEndDocument' on input line 366.
Package atveryend Info: Empty hook `AtEndAfterFileList' on input line 366.


LaTeX Font Warning: Some font shapes were not available, defaults substituted.


LaTeX Warning: There were undefined references.

Package atveryend Info: Empty hook `AtVeryVeryEnd' on input line 366.
 ) 
Here is how much of TeX's memory you used:
 14874 strings out of 494933
 216300 string characters out of 6176238
 641206 words of memory out of 5000000
 18387 multiletter control sequences out of 15000+600000
 66485 words of font info for 67 fonts, out of 8000000 for 9000
 14 hyphenation exceptions out of 8191
 34i,21n,56p,1023b,1739s stack positions out of 5000i,500n,10000p,200000b,80000s

Output written on /workspaces/microinfo-handout/Cours_MUI.pdf (99 pages).
