\BOOKMARK [0][-]{chapter.1}{Introduction}{}% 1
\BOOKMARK [1][-]{section.1.1}{Place du cours MicroInfo dans le cursus de l'ingénieur}{chapter.1}% 2
\BOOKMARK [1][-]{section.1.2}{Définitions: processeur, microprocesseur, microcontrôleur et système-on-chip}{chapter.1}% 3
\BOOKMARK [1][-]{section.1.3}{Éléments de systèmes logiques}{chapter.1}% 4
\BOOKMARK [0][-]{chapter.2}{GPIO\040\(General\040Purpose\040Input\040Output\)}{}% 5
\BOOKMARK [1][-]{section.2.1}{Matériel}{chapter.2}% 6
\BOOKMARK [1][-]{section.2.2}{Logiciel}{chapter.2}% 7
\BOOKMARK [1][-]{section.2.3}{Configuration\040des\040GPIO}{chapter.2}% 8
\BOOKMARK [0][-]{chapter.3}{Numération et arithmétique des ordinateurs}{}% 9
\BOOKMARK [1][-]{section.3.1}{Codage binaire et hexadécimal}{chapter.3}% 10
\BOOKMARK [1][-]{section.3.2}{Représentation des nombres}{chapter.3}% 11
\BOOKMARK [1][-]{section.3.3}{Opérateurs}{chapter.3}% 12
\BOOKMARK [1][-]{section.3.4}{Exercices}{chapter.3}% 13
\BOOKMARK [0][-]{chapter.4}{Interruptions}{}% 14
\BOOKMARK [1][-]{section.4.1}{Interaction entre le processeur et les périphériques}{chapter.4}% 15
\BOOKMARK [1][-]{section.4.2}{Mécanisme de l'interruption}{chapter.4}% 16
\BOOKMARK [1][-]{section.4.3}{Vecteurs\040d'interruption}{chapter.4}% 17
\BOOKMARK [1][-]{section.4.4}{Priorités des interruptions et masques}{chapter.4}% 18
\BOOKMARK [1][-]{section.4.5}{Déclaration d'une interruption en C}{chapter.4}% 19
\BOOKMARK [1][-]{section.4.6}{Interruptions\040externes}{chapter.4}% 20
\BOOKMARK [1][-]{section.4.7}{Latence}{chapter.4}% 21
\BOOKMARK [0][-]{chapter.5}{Timers}{}% 22
\BOOKMARK [1][-]{section.5.1}{Principe}{chapter.5}% 23
\BOOKMARK [1][-]{section.5.2}{Cas\040du\040MSP430}{chapter.5}% 24
\BOOKMARK [1][-]{section.5.3}{Timer à usage général : le timer A}{chapter.5}% 25
\BOOKMARK [0][-]{chapter.6}{Système d'horloges}{}% 26
\BOOKMARK [1][-]{section.6.1}{Oscillateurs}{chapter.6}% 27
\BOOKMARK [1][-]{section.6.2}{Multiplicateur de fréquence}{chapter.6}% 28
\BOOKMARK [1][-]{section.6.3}{Cas\040du\040MSP430}{chapter.6}% 29
\BOOKMARK [0][-]{chapter.7}{Assembleur}{}% 30
\BOOKMARK [1][-]{section.7.1}{Jeu\040d'instructions}{chapter.7}% 31
\BOOKMARK [1][-]{section.7.2}{Modes\040d'adressage}{chapter.7}% 32
\BOOKMARK [1][-]{section.7.3}{Jeu\040d'instruction\040du\040MSP430}{chapter.7}% 33
\BOOKMARK [1][-]{section.7.4}{Chaine\040de\040compilation}{chapter.7}% 34
\BOOKMARK [0][-]{chapter.8}{Unité centrale}{}% 35
\BOOKMARK [1][-]{section.8.1}{Principes}{chapter.8}% 36
\BOOKMARK [1][-]{section.8.2}{Registres à usages spécifiques}{chapter.8}% 37
\BOOKMARK [1][-]{section.8.3}{Cycle\040des\040instructions}{chapter.8}% 38
\BOOKMARK [1][-]{section.8.4}{Séquenceur des instructions}{chapter.8}% 39
\BOOKMARK [1][-]{section.8.5}{Pipeline\040du\040cycle\040des\040instructions}{chapter.8}% 40
\BOOKMARK [1][-]{section.8.6}{Processeur\040superscalaire}{chapter.8}% 41
\BOOKMARK [0][-]{chapter.9}{Programmation\040en\040C}{}% 42
\BOOKMARK [1][-]{section.9.1}{Programmation système et programmation applicative}{chapter.9}% 43
\BOOKMARK [1][-]{section.9.2}{Directives et variables spécifiques à la programmation système}{chapter.9}% 44
\BOOKMARK [1][-]{section.9.3}{Librairies d'abstraction du matériel: HAL}{chapter.9}% 45
\BOOKMARK [1][-]{section.9.4}{Pilotes}{chapter.9}% 46
\BOOKMARK [1][-]{section.9.5}{Contrôle de l'exécution}{chapter.9}% 47
\BOOKMARK [0][-]{chapter.10}{Interfaces séries}{}% 48
\BOOKMARK [1][-]{section.10.1}{Notion\040de\040pile\040protocolaire}{chapter.10}% 49
\BOOKMARK [1][-]{section.10.2}{UART\040\(Universal\040Asynchronous\040Receiver\040Transmitter\)}{chapter.10}% 50
\BOOKMARK [1][-]{section.10.3}{Interface\040SPI}{chapter.10}% 51
\BOOKMARK [1][-]{section.10.4}{Interface\040I2C}{chapter.10}% 52
\BOOKMARK [1][-]{section.10.5}{Interface\040USB}{chapter.10}% 53
\BOOKMARK [1][-]{section.10.6}{Comparaisons\040et\040choix\040d'une\040interface}{chapter.10}% 54
\BOOKMARK [1][-]{section.10.7}{Cas\040du\040MSP430}{chapter.10}% 55
\BOOKMARK [0][-]{chapter.11}{AD\040et\040DA}{}% 56
\BOOKMARK [1][-]{section.11.1}{Convertisseur\040AD}{chapter.11}% 57
\BOOKMARK [1][-]{section.11.2}{Convertisseur à approximations successives}{chapter.11}% 58
\BOOKMARK [1][-]{section.11.3}{Cas\040du\040MSP430}{chapter.11}% 59
\BOOKMARK [0][-]{appendix.A}{Démonstrations algébriques}{}% 60
\BOOKMARK [1][-]{section.A.1}{Changement\040de\040signe}{appendix.A}% 61
\BOOKMARK [1][-]{section.A.2}{Extension d'un nombre signé}{appendix.A}% 62
\BOOKMARK [1][-]{section.A.3}{Multiplication de nombres en complément à deux}{appendix.A}% 63
